23:22:52.011 [main] INFO  TestClass.TC_homepagelogin - stsrting homepagelogin
23:22:52.774 [main] INFO  TestClass.TC_homepagelogin - clicked  on account
23:22:54.092 [main] INFO  TestClass.TC_homepagelogin - clicked on login
23:23:05.974 [main] INFO  TestClass.TC_login - login testcase going to start
23:32:48.083 [main] INFO  TestClass.TC_homepagelogin - stsrting homepagelogin
23:32:49.045 [main] INFO  TestClass.TC_homepagelogin - clicked  on account
23:32:50.513 [main] INFO  TestClass.TC_homepagelogin - clicked on login
23:33:02.609 [main] INFO  TestClass.TC_login - login testcase going to start
23:33:02.621 [main] INFO  TestClass.TC_login - object of loginpage made
23:50:26.540 [main] INFO  TestClass.TC_homepagelogin - stsrting homepagelogin
23:50:27.301 [main] INFO  TestClass.TC_homepagelogin - clicked  on account
23:50:28.868 [main] INFO  TestClass.TC_homepagelogin - clicked on login
23:56:14.503 [main] INFO  TestClass.TC_homepagelogin - stsrting homepagelogin
23:56:15.454 [main] INFO  TestClass.TC_homepagelogin - clicked  on account
23:56:17.060 [main] INFO  TestClass.TC_homepagelogin - clicked on login
00:02:14.213 [main] INFO  TestClass.TC_homepagelogin - stsrting homepagelogin
00:02:15.014 [main] INFO  TestClass.TC_homepagelogin - clicked  on account
00:02:16.453 [main] INFO  TestClass.TC_homepagelogin - clicked on login
00:02:36.859 [main] INFO  TestClass.TC_login - login testcase going to start
00:02:36.872 [main] INFO  TestClass.TC_login - object of loginpage made
00:04:02.795 [main] INFO  TestClass.TC_homepagelogin - stsrting homepagelogin
00:04:03.730 [main] INFO  TestClass.TC_homepagelogin - clicked  on account
00:04:05.494 [main] INFO  TestClass.TC_homepagelogin - clicked on login
00:04:18.258 [main] INFO  TestClass.TC_login - login testcase going to start
00:04:18.274 [main] INFO  TestClass.TC_login - object of loginpage made
00:17:03.575 [main] INFO  TestClass.TC_login - login testcase going to start
00:17:04.015 [main] INFO  TestClass.TC_login - object of loginpage made
00:35:03.284 [main] INFO  TestClass.TC_login - login testcase going to start
00:35:05.006 [main] INFO  TestClass.TC_login - clicked  on account
00:35:08.142 [main] INFO  TestClass.TC_login - clicked on login
00:35:08.150 [main] INFO  TestClass.TC_login - object of loginpage made
00:35:10.353 [main] INFO  TestClass.TC_login - after entering details click button pressed
00:39:26.435 [main] INFO  TestClass.TC_login - login testcase going to start
00:39:28.685 [main] INFO  TestClass.TC_login - clicked  on account
00:39:30.464 [main] INFO  TestClass.TC_login - clicked on login
00:39:30.479 [main] INFO  TestClass.TC_login - object of loginpage made
01:02:03.809 [main] INFO  TestClass.TC_login - login testcase going to start
01:02:04.574 [main] INFO  TestClass.TC_login - clicked  on account
01:02:05.983 [main] INFO  TestClass.TC_login - clicked on login
01:02:05.994 [main] INFO  TestClass.TC_login - object of loginpage made
07:12:33.387 [main] INFO  TestClass.TC_login - login testcase going to start
07:12:33.913 [main] INFO  TestClass.TC_login - clicked  on account
07:12:34.506 [main] INFO  TestClass.TC_login - clicked on login
07:12:34.512 [main] INFO  TestClass.TC_login - object of loginpage made
16:41:11.381 [main] INFO  TestClass.TC_login2_DDT - login testcase going to start
16:41:11.601 [main] INFO  TestClass.TC_login2_DDT - clicked  on account
16:41:12.178 [main] INFO  TestClass.TC_login2_DDT - clicked on login
16:41:12.183 [main] INFO  TestClass.TC_login2_DDT - object of loginpage made
16:41:12.879 [main] INFO  TestClass.TC_login2_DDT - login testcase going to start
16:41:12.978 [main] INFO  TestClass.TC_login2_DDT - clicked  on account
16:41:13.379 [main] INFO  TestClass.TC_login2_DDT - clicked on login
16:41:13.381 [main] INFO  TestClass.TC_login2_DDT - object of loginpage made
16:41:13.966 [main] INFO  TestClass.TC_login2_DDT - login testcase going to start
16:41:14.061 [main] INFO  TestClass.TC_login2_DDT - clicked  on account
16:41:15.008 [main] INFO  TestClass.TC_login2_DDT - clicked on login
16:41:15.009 [main] INFO  TestClass.TC_login2_DDT - object of loginpage made
16:41:15.467 [main] INFO  TestClass.TC_login2_DDT - login testcase going to start
16:41:15.548 [main] INFO  TestClass.TC_login2_DDT - clicked  on account
16:41:16.124 [main] INFO  TestClass.TC_login2_DDT - clicked on login
16:41:16.125 [main] INFO  TestClass.TC_login2_DDT - object of loginpage made
16:41:16.632 [main] INFO  TestClass.TC_login2_DDT - login testcase going to start
16:41:16.716 [main] INFO  TestClass.TC_login2_DDT - clicked  on account
16:41:17.236 [main] INFO  TestClass.TC_login2_DDT - clicked on login
16:41:17.239 [main] INFO  TestClass.TC_login2_DDT - object of loginpage made
00:01:42.460 [main] INFO  TestClass.TC_login2_DDT - login testcase going to start
00:01:42.835 [main] INFO  TestClass.TC_login2_DDT - clicked  on account
00:01:43.401 [main] INFO  TestClass.TC_login2_DDT - clicked on login
00:01:43.421 [main] INFO  TestClass.TC_login2_DDT - object of loginpage made
00:01:44.651 [main] INFO  TestClass.TC_login2_DDT - login testcase going to start
00:01:45.017 [main] INFO  TestClass.TC_login2_DDT - clicked  on account
00:01:45.969 [main] INFO  TestClass.TC_login2_DDT - clicked on login
00:01:45.970 [main] INFO  TestClass.TC_login2_DDT - object of loginpage made
00:01:46.479 [main] INFO  TestClass.TC_login2_DDT - login testcase going to start
00:01:46.560 [main] INFO  TestClass.TC_login2_DDT - clicked  on account
00:01:47.035 [main] INFO  TestClass.TC_login2_DDT - clicked on login
00:01:47.036 [main] INFO  TestClass.TC_login2_DDT - object of loginpage made
00:01:47.637 [main] INFO  TestClass.TC_login2_DDT - login testcase going to start
00:01:47.715 [main] INFO  TestClass.TC_login2_DDT - clicked  on account
00:01:48.226 [main] INFO  TestClass.TC_login2_DDT - clicked on login
00:01:48.227 [main] INFO  TestClass.TC_login2_DDT - object of loginpage made
00:01:48.714 [main] INFO  TestClass.TC_login2_DDT - login testcase going to start
00:01:48.788 [main] INFO  TestClass.TC_login2_DDT - clicked  on account
00:01:49.249 [main] INFO  TestClass.TC_login2_DDT - clicked on login
00:01:49.250 [main] INFO  TestClass.TC_login2_DDT - object of loginpage made
00:48:19.991 [main] INFO  TestClass.TC_login2_DDT - login testcase going to start
00:48:20.208 [main] INFO  TestClass.TC_login2_DDT - clicked  on account
00:48:21.569 [main] INFO  TestClass.TC_login2_DDT - clicked on login
00:48:21.574 [main] INFO  TestClass.TC_login2_DDT - object of loginpage made
00:48:22.253 [main] INFO  TestClass.TC_login2_DDT - login testcase going to start
00:48:22.346 [main] INFO  TestClass.TC_login2_DDT - clicked  on account
00:48:22.873 [main] INFO  TestClass.TC_login2_DDT - clicked on login
00:48:22.874 [main] INFO  TestClass.TC_login2_DDT - object of loginpage made
00:48:23.391 [main] INFO  TestClass.TC_login2_DDT - login testcase going to start
00:48:23.473 [main] INFO  TestClass.TC_login2_DDT - clicked  on account
00:48:23.937 [main] INFO  TestClass.TC_login2_DDT - clicked on login
00:48:23.937 [main] INFO  TestClass.TC_login2_DDT - object of loginpage made
00:48:24.429 [main] INFO  TestClass.TC_login2_DDT - login testcase going to start
00:48:24.516 [main] INFO  TestClass.TC_login2_DDT - clicked  on account
00:48:24.941 [main] INFO  TestClass.TC_login2_DDT - clicked on login
00:48:24.942 [main] INFO  TestClass.TC_login2_DDT - object of loginpage made
00:48:25.397 [main] INFO  TestClass.TC_login2_DDT - login testcase going to start
00:48:25.474 [main] INFO  TestClass.TC_login2_DDT - clicked  on account
00:48:25.950 [main] INFO  TestClass.TC_login2_DDT - clicked on login
00:48:25.952 [main] INFO  TestClass.TC_login2_DDT - object of loginpage made
01:07:40.049 [TestNG-tests-2] INFO  TestClass.TC_homepagelogin - stsrting homepagelogin
01:07:40.061 [TestNG-tests-1] INFO  TestClass.TC_homepagelogin - stsrting homepagelogin
01:07:40.455 [TestNG-tests-1] INFO  TestClass.TC_homepagelogin - clicked  on account
01:07:40.519 [TestNG-tests-2] INFO  TestClass.TC_homepagelogin - clicked  on account
01:14:13.735 [main] INFO  TestClass.TC_login2_DDT - login testcase going to start
01:14:14.260 [main] INFO  TestClass.TC_login2_DDT - clicked  on account
01:14:15.053 [main] INFO  TestClass.TC_login2_DDT - clicked on login
01:14:15.055 [main] INFO  TestClass.TC_login2_DDT - object of loginpage made
01:14:15.758 [main] INFO  TestClass.TC_login2_DDT - login testcase going to start
01:14:15.838 [main] INFO  TestClass.TC_login2_DDT - clicked  on account
01:14:16.313 [main] INFO  TestClass.TC_login2_DDT - clicked on login
01:14:16.314 [main] INFO  TestClass.TC_login2_DDT - object of loginpage made
01:14:16.783 [main] INFO  TestClass.TC_login2_DDT - login testcase going to start
01:14:16.860 [main] INFO  TestClass.TC_login2_DDT - clicked  on account
01:14:17.621 [main] INFO  TestClass.TC_login2_DDT - clicked on login
01:14:17.622 [main] INFO  TestClass.TC_login2_DDT - object of loginpage made
01:14:18.143 [main] INFO  TestClass.TC_login2_DDT - login testcase going to start
01:14:18.231 [main] INFO  TestClass.TC_login2_DDT - clicked  on account
01:14:18.666 [main] INFO  TestClass.TC_login2_DDT - clicked on login
01:14:18.666 [main] INFO  TestClass.TC_login2_DDT - object of loginpage made
01:14:19.137 [main] INFO  TestClass.TC_login2_DDT - login testcase going to start
01:14:19.220 [main] INFO  TestClass.TC_login2_DDT - clicked  on account
01:14:19.628 [main] INFO  TestClass.TC_login2_DDT - clicked on login
01:14:19.629 [main] INFO  TestClass.TC_login2_DDT - object of loginpage made
01:17:36.305 [main] INFO  TestClass.TC_homepagelogin - stsrting homepagelogin
01:17:36.506 [main] INFO  TestClass.TC_homepagelogin - clicked  on account
01:17:45.174 [main] INFO  TestClass.TC_homepagelogin - clicked on login
14:10:12.304 [main] INFO  TestClass.TC_homepagelogin - stsrting homepagelogin
14:10:12.600 [main] INFO  TestClass.TC_homepagelogin - clicked  on account
14:10:13.219 [main] INFO  TestClass.TC_homepagelogin - clicked on login
14:51:18.244 [main] INFO  TestClass.TC_homepagelogin - stsrting homepagelogin
14:51:18.514 [main] INFO  TestClass.TC_homepagelogin - clicked  on account
14:51:19.096 [main] INFO  TestClass.TC_homepagelogin - clicked on login
16:08:51.433 [main] INFO  TestClass.TC_homepagelogin - stsrting homepagelogin
16:08:51.637 [main] INFO  TestClass.TC_homepagelogin - clicked  on account
16:08:52.098 [main] INFO  TestClass.TC_homepagelogin - clicked on login
